<?xml version="1.0" encoding="UTF-8"?>
<!-- Generated by org.testng.reporters.JUnitXMLReporter -->
<testsuite hostname="IBS-LAP-041" ignored="0" name="Default test" tests="4" failures="0" timestamp="16 Dec 2018 09:58:19 GMT" time="82.981" errors="0">
  <testcase name="feature" time="0.22" classname="com.czeczotka.bdd.runner.RunTest"/>
  <testcase name="feature" time="38.48" classname="com.czeczotka.bdd.runner.RunTest"/>
  <testcase name="feature" time="36.879" classname="com.czeczotka.bdd.runner.RunTest"/>
  <testcase name="feature" time="6.944" classname="com.czeczotka.bdd.runner.RunTest"/>
</testsuite> <!-- Default test -->
