<?xml version="1.0" encoding="UTF-8"?>
<testsuite name="TestSuite" time="0.156" tests="4" errors="0" skipped="0" failures="3">
  <properties>
[...]
</properties>
  <testcase name="feature" classname="com.czeczotka.bdd.runner.RunTest" time="0.156"/>
  <testcase name="feature" classname="com.czeczotka.bdd.runner.RunTest" time="0.013">
    <failure message="java.lang.NullPointerException" type="cucumber.runtime.CucumberException">cucumber.runtime.CucumberException: java.lang.NullPointerException
	at cucumber.api.testng.TestNGCucumberRunner.runCucumber(TestNGCucumberRunner.java:69)
	at com.czeczotka.bdd.runner.RunTest.feature(RunTest.java:39)
Caused by: java.lang.NullPointerException: null
	at java.util.Hashtable.put(Hashtable.java:460)
	at java.util.Properties.setProperty(Properties.java:166)
	at java.lang.System.setProperty(System.java:796)
	at com.czeczotka.bdd.steps.Hook.openBrowser(Hook.java:15)
	at com.czeczotka.bdd.steps.loginScript.openURL(loginScript.java:20)
	at ✽.Given user launch browser(cucumber/login.feature:5)
</failure>
    <system-out><![CDATA[Feature: Test Login feature of mercury website.

  @smoketest
  Scenario: Mercury Login test with scenario & multiple logins &amp#27;[90m# cucumber/login.feature:4&amp#27;[0m
    &amp#27;[31mGiven &amp#27;[0m&amp#27;[31muser launch browser&amp#27;[0m                                  &amp#27;[90m# loginScript.openURL()&amp#27;[0m
      &amp#27;[31mjava.lang.NullPointerException
      	at java.util.Hashtable.put(Hashtable.java:460)
      	at java.util.Properties.setProperty(Properties.java:166)
      	at java.lang.System.setProperty(System.java:796)
      	at com.czeczotka.bdd.steps.Hook.openBrowser(Hook.java:15)
      	at com.czeczotka.bdd.steps.loginScript.openURL(loginScript.java:20)
      	at ✽.Given user launch browser(cucumber/login.feature:5)
      &amp#27;[0m
    &amp#27;[36mThen &amp#27;[0m&amp#27;[36muser opens application page&amp#27;[0m                           &amp#27;[90m# loginScript.launchapplication()&amp#27;[0m
    &amp#27;[36mThen &amp#27;[0m&amp#27;[36muser enters Credentials to LogIn&amp#27;[0m                      &amp#27;[90m# loginScript.login(userlist>)&amp#27;[0m
]]></system-out>
  </testcase>
  <testcase name="feature" classname="com.czeczotka.bdd.runner.RunTest" time="0.02">
    <failure message="java.lang.NullPointerException" type="cucumber.runtime.CucumberException">cucumber.runtime.CucumberException: java.lang.NullPointerException
	at cucumber.api.testng.TestNGCucumberRunner.runCucumber(TestNGCucumberRunner.java:69)
	at com.czeczotka.bdd.runner.RunTest.feature(RunTest.java:39)
Caused by: java.lang.NullPointerException: null
	at java.util.Hashtable.put(Hashtable.java:460)
	at java.util.Properties.setProperty(Properties.java:166)
	at java.lang.System.setProperty(System.java:796)
	at com.czeczotka.bdd.steps.Hook.openBrowser(Hook.java:15)
	at com.czeczotka.bdd.steps.loginScript.openURL(loginScript.java:20)
	at ✽.Given user launch browser(cucumber/loginScenarioOutline.feature:5)
</failure>
    <system-out><![CDATA[Feature: Test Login feature of mercury website.

  Scenario: Launch the browser       &amp#27;[90m# cucumber/loginScenarioOutline.feature:4&amp#27;[0m
    &amp#27;[31mGiven &amp#27;[0m&amp#27;[31muser launch browser&amp#27;[0m        &amp#27;[90m# loginScript.openURL()&amp#27;[0m
      &amp#27;[31mjava.lang.NullPointerException
      	at java.util.Hashtable.put(Hashtable.java:460)
      	at java.util.Properties.setProperty(Properties.java:166)
      	at java.lang.System.setProperty(System.java:796)
      	at com.czeczotka.bdd.steps.Hook.openBrowser(Hook.java:15)
      	at com.czeczotka.bdd.steps.loginScript.openURL(loginScript.java:20)
      	at ✽.Given user launch browser(cucumber/loginScenarioOutline.feature:5)
      &amp#27;[0m
    &amp#27;[36mThen &amp#27;[0m&amp#27;[36muser opens application page&amp#27;[0m &amp#27;[90m# loginScript.launchapplication()&amp#27;[0m

  @smoketest
  Scenario Outline: Login test with scenario outline & multiple logins    &amp#27;[90m# cucumber/loginScenarioOutline.feature:8&amp#27;[0m
    &amp#27;[36mWhen &amp#27;[0m&amp#27;[36muser logins with Username "<username>" and Password "<password>"&amp#27;[0m
    &amp#27;[36mThen &amp#27;[0m&amp#27;[36muser logins successfullly&amp#27;[0m

    Examples: 

  @smoketest
  Scenario Outline: Login test with scenario outline & multiple logins &amp#27;[90m# cucumber/loginScenarioOutline.feature:14&amp#27;[0m
    &amp#27;[31mWhen &amp#27;[0m&amp#27;[31muser logins with Username "&amp#27;[0m&amp#27;[31m&amp#27;[1ma&amp#27;[0m&amp#27;[31m" and Password "&amp#27;[0m&amp#27;[31m&amp#27;[1ma&amp#27;[0m&amp#27;[31m"&amp#27;[0m                &amp#27;[90m# loginScript.entercredentails_ScenaioOutline(String,String)&amp#27;[0m
      &amp#27;[31mjava.lang.NullPointerException
      	at com.czeczotka.bdd.steps.loginScript.entercredentails_ScenaioOutline(loginScript.java:55)
      	at ✽.When user logins with Username "a" and Password "a"(cucumber/loginScenarioOutline.feature:9)
      &amp#27;[0m
    &amp#27;[36mThen &amp#27;[0m&amp#27;[36muser logins successfullly&amp#27;[0m                                     &amp#27;[90m# loginScript.validateUserLoginsSuccessfully()&amp#27;[0m

  @smoketest
  Scenario Outline: Login test with scenario outline & multiple logins &amp#27;[90m# cucumber/loginScenarioOutline.feature:15&amp#27;[0m
    &amp#27;[31mWhen &amp#27;[0m&amp#27;[31muser logins with Username "&amp#27;[0m&amp#27;[31m&amp#27;[1mb&amp#27;[0m&amp#27;[31m" and Password "&amp#27;[0m&amp#27;[31m&amp#27;[1mb&amp#27;[0m&amp#27;[31m"&amp#27;[0m                &amp#27;[90m# loginScript.entercredentails_ScenaioOutline(String,String)&amp#27;[0m
      &amp#27;[31mjava.lang.NullPointerException
      	at com.czeczotka.bdd.steps.loginScript.entercredentails_ScenaioOutline(loginScript.java:55)
      	at ✽.When user logins with Username "b" and Password "b"(cucumber/loginScenarioOutline.feature:9)
      &amp#27;[0m
    &amp#27;[36mThen &amp#27;[0m&amp#27;[36muser logins successfullly&amp#27;[0m                                     &amp#27;[90m# loginScript.validateUserLoginsSuccessfully()&amp#27;[0m
]]></system-out>
  </testcase>
  <testcase name="feature" classname="com.czeczotka.bdd.runner.RunTest" time="0.011">
    <failure message="java.lang.NullPointerException" type="cucumber.runtime.CucumberException">cucumber.runtime.CucumberException: java.lang.NullPointerException
	at cucumber.api.testng.TestNGCucumberRunner.runCucumber(TestNGCucumberRunner.java:69)
	at com.czeczotka.bdd.runner.RunTest.feature(RunTest.java:39)
Caused by: java.lang.NullPointerException: null
	at java.util.Hashtable.put(Hashtable.java:460)
	at java.util.Properties.setProperty(Properties.java:166)
	at java.lang.System.setProperty(System.java:796)
	at com.czeczotka.bdd.steps.Hook.openBrowser(Hook.java:15)
	at com.czeczotka.bdd.steps.registration.getRegistrationPage(registration.java:24)
	at ✽.Given Im on registration page(cucumber/registration.feature:5)
</failure>
    <system-out><![CDATA[Feature: Register a new user

  @smoketest
  Scenario: Create a new user                       &amp#27;[90m# cucumber/registration.feature:4&amp#27;[0m
    &amp#27;[31mGiven &amp#27;[0m&amp#27;[31mIm on registration page&amp#27;[0m                   &amp#27;[90m# registration.getRegistrationPage()&amp#27;[0m
      &amp#27;[31mjava.lang.NullPointerException
      	at java.util.Hashtable.put(Hashtable.java:460)
      	at java.util.Properties.setProperty(Properties.java:166)
      	at java.lang.System.setProperty(System.java:796)
      	at com.czeczotka.bdd.steps.Hook.openBrowser(Hook.java:15)
      	at com.czeczotka.bdd.steps.registration.getRegistrationPage(registration.java:24)
      	at ✽.Given Im on registration page(cucumber/registration.feature:5)
      &amp#27;[0m
    &amp#27;[36mWhen &amp#27;[0m&amp#27;[36mProvide all valid values&amp#27;[0m                   &amp#27;[90m# registration.registerUser(DataTable)&amp#27;[0m
    &amp#27;[36mThen &amp#27;[0m&amp#27;[36muser registration is successful with ("&amp#27;[0m&amp#27;[36m&amp#27;[1md&amp#27;[0m&amp#27;[36m")&amp#27;[0m &amp#27;[90m# registration.registrationSuccessful(String)&amp#27;[0m
]]></system-out>
  </testcase>
</testsuite>