<?xml version="1.0" encoding="UTF-8"?>
<testng-results skipped="0" failed="0" ignored="0" total="4" passed="4">
  <reporter-output>
  </reporter-output>
  <suite name="Default suite" duration-ms="82981" started-at="2018-12-16T09:56:56Z" finished-at="2018-12-16T09:58:19Z">
    <groups>
      <group name="cucumber">
        <method signature="RunTest.feature(cucumber.api.testng.CucumberFeatureWrapper)[pri:0, instance:com.czeczotka.bdd.runner.RunTest@52a86356]" name="feature" class="com.czeczotka.bdd.runner.RunTest"/>
      </group> <!-- cucumber -->
    </groups>
    <test name="Default test" duration-ms="82981" started-at="2018-12-16T09:56:56Z" finished-at="2018-12-16T09:58:19Z">
      <class name="com.czeczotka.bdd.runner.RunTest">
        <test-method status="PASS" signature="setUpClass()[pri:0, instance:com.czeczotka.bdd.runner.RunTest@52a86356]" name="setUpClass" is-config="true" duration-ms="256" started-at="2018-12-16T09:56:56Z" finished-at="2018-12-16T09:56:56Z">
          <reporter-output>
          </reporter-output>
        </test-method> <!-- setUpClass -->
        <test-method status="PASS" signature="feature(cucumber.api.testng.CucumberFeatureWrapper)[pri:0, instance:com.czeczotka.bdd.runner.RunTest@52a86356]" name="feature" duration-ms="220" started-at="2018-12-16T09:56:56Z" description="Runs Cucumber Feature" data-provider="features" finished-at="2018-12-16T09:56:57Z">
          <params>
            <param index="0">
              <value>
                <![CDATA[This is working examples]]>
              </value>
            </param>
          </params>
          <reporter-output>
          </reporter-output>
        </test-method> <!-- feature -->
        <test-method status="PASS" signature="feature(cucumber.api.testng.CucumberFeatureWrapper)[pri:0, instance:com.czeczotka.bdd.runner.RunTest@52a86356]" name="feature" duration-ms="38480" started-at="2018-12-16T09:56:57Z" description="Runs Cucumber Feature" data-provider="features" finished-at="2018-12-16T09:57:35Z">
          <params>
            <param index="0">
              <value>
                <![CDATA[Test Login feature of mercury website.]]>
              </value>
            </param>
          </params>
          <reporter-output>
          </reporter-output>
        </test-method> <!-- feature -->
        <test-method status="PASS" signature="feature(cucumber.api.testng.CucumberFeatureWrapper)[pri:0, instance:com.czeczotka.bdd.runner.RunTest@52a86356]" name="feature" duration-ms="36879" started-at="2018-12-16T09:57:35Z" description="Runs Cucumber Feature" data-provider="features" finished-at="2018-12-16T09:58:12Z">
          <params>
            <param index="0">
              <value>
                <![CDATA[Test Login feature of mercury website.]]>
              </value>
            </param>
          </params>
          <reporter-output>
          </reporter-output>
        </test-method> <!-- feature -->
        <test-method status="PASS" signature="feature(cucumber.api.testng.CucumberFeatureWrapper)[pri:0, instance:com.czeczotka.bdd.runner.RunTest@52a86356]" name="feature" duration-ms="6944" started-at="2018-12-16T09:58:12Z" description="Runs Cucumber Feature" data-provider="features" finished-at="2018-12-16T09:58:19Z">
          <params>
            <param index="0">
              <value>
                <![CDATA[Register a new user]]>
              </value>
            </param>
          </params>
          <reporter-output>
          </reporter-output>
        </test-method> <!-- feature -->
        <test-method status="PASS" signature="tearDownClass()[pri:0, instance:com.czeczotka.bdd.runner.RunTest@52a86356]" name="tearDownClass" is-config="true" duration-ms="91" started-at="2018-12-16T09:58:19Z" finished-at="2018-12-16T09:58:19Z">
          <reporter-output>
          </reporter-output>
        </test-method> <!-- tearDownClass -->
      </class> <!-- com.czeczotka.bdd.runner.RunTest -->
    </test> <!-- Default test -->
  </suite> <!-- Default suite -->
</testng-results>
